Seed set to 2222
Using 16bit Automatic Mixed Precision (AMP)
GPU available: True (cuda), used: True
TPU available: False, using: 0 TPU cores
IPU available: False, using: 0 IPUs
HPU available: False, using: 0 HPUs
wandb: Currently logged in as: sarthak-ti. Use `wandb login --relogin` to force relogin
wandb: Tracking run with wandb version 0.16.2
wandb: Run data is saved locally in ./wandb/run-20240203_223233-v9cd9ey1
wandb: Run `wandb offline` to turn off syncing.
wandb: Syncing run cerulean-sponge-8
wandb: ⭐️ View project at https://wandb.ai/sarthak-ti/dna
wandb: 🚀 View run at https://wandb.ai/sarthak-ti/dna/runs/v9cd9ey1
LOCAL_RANK: 0 - CUDA_VISIBLE_DEVICES: [0]

  | Name               | Type              | Params
---------------------------------------------------------
0 | model              | DNAEmbeddingModel | 436 K 
1 | encoder            | Identity          | 0     
2 | decoder            | SequenceDecoder   | 0     
3 | train_torchmetrics | MetricCollection  | 0     
4 | val_torchmetrics   | MetricCollection  | 0     
5 | test_torchmetrics  | MetricCollection  | 0     
---------------------------------------------------------
436 K     Trainable params
0         Non-trainable params
436 K     Total params
1.746     Total estimated model params size (MB)
Epoch 0, global step 1007: 'val/mse' reached 6.23672 (best 6.23672), saving model to '/lila/data/leslie/sarthak/hyena/hyena-dna/outputs/2024-02-03/22-31-47-692332/checkpoints/val/mse.ckpt' as top 1
Epoch 1, global step 2014: 'val/mse' was not in top 1
Epoch 2, global step 3021: 'val/mse' was not in top 1
wandb: Network error (ReadTimeout), entering retry loop.
Epoch 3, global step 4028: 'val/mse' was not in top 1
Epoch 4, global step 5035: 'val/mse' was not in top 1

Aborted!
Terminated
[rank: 0] Received SIGTERM: 15
