Traceback (most recent call last):
  File "/data/leslie/sarthak/environments/hyena-dna/lib/python3.11/site-packages/hydra/_internal/utils.py", line 220, in run_and_report
    return func()
           ^^^^^^
  File "/data/leslie/sarthak/environments/hyena-dna/lib/python3.11/site-packages/hydra/_internal/utils.py", line 458, in <lambda>
    lambda: hydra.run(
            ^^^^^^^^^^
  File "/data/leslie/sarthak/environments/hyena-dna/lib/python3.11/site-packages/hydra/_internal/hydra.py", line 105, in run
    cfg = self.compose_config(
          ^^^^^^^^^^^^^^^^^^^^
  File "/data/leslie/sarthak/environments/hyena-dna/lib/python3.11/site-packages/hydra/_internal/hydra.py", line 594, in compose_config
    cfg = self.config_loader.load_configuration(
          ^^^^^^^^^^^^^^^^^^^^^^^^^^^^^^^^^^^^^^
  File "/data/leslie/sarthak/environments/hyena-dna/lib/python3.11/site-packages/hydra/_internal/config_loader_impl.py", line 142, in load_configuration
    return self._load_configuration_impl(
           ^^^^^^^^^^^^^^^^^^^^^^^^^^^^^^
  File "/data/leslie/sarthak/environments/hyena-dna/lib/python3.11/site-packages/hydra/_internal/config_loader_impl.py", line 253, in _load_configuration_impl
    defaults_list = create_defaults_list(
                    ^^^^^^^^^^^^^^^^^^^^^
  File "/data/leslie/sarthak/environments/hyena-dna/lib/python3.11/site-packages/hydra/_internal/defaults_list.py", line 745, in create_defaults_list
    defaults, tree = _create_defaults_list(
                     ^^^^^^^^^^^^^^^^^^^^^^
  File "/data/leslie/sarthak/environments/hyena-dna/lib/python3.11/site-packages/hydra/_internal/defaults_list.py", line 715, in _create_defaults_list
    defaults_tree = _create_defaults_tree(
                    ^^^^^^^^^^^^^^^^^^^^^^
  File "/data/leslie/sarthak/environments/hyena-dna/lib/python3.11/site-packages/hydra/_internal/defaults_list.py", line 356, in _create_defaults_tree
    ret = _create_defaults_tree_impl(
          ^^^^^^^^^^^^^^^^^^^^^^^^^^^
  File "/data/leslie/sarthak/environments/hyena-dna/lib/python3.11/site-packages/hydra/_internal/defaults_list.py", line 457, in _create_defaults_tree_impl
    return _expand_virtual_root(repo, root, overrides, skip_missing)
           ^^^^^^^^^^^^^^^^^^^^^^^^^^^^^^^^^^^^^^^^^^^^^^^^^^^^^^^^^
  File "/data/leslie/sarthak/environments/hyena-dna/lib/python3.11/site-packages/hydra/_internal/defaults_list.py", line 280, in _expand_virtual_root
    subtree = _create_defaults_tree_impl(
              ^^^^^^^^^^^^^^^^^^^^^^^^^^^
  File "/data/leslie/sarthak/environments/hyena-dna/lib/python3.11/site-packages/hydra/_internal/defaults_list.py", line 573, in _create_defaults_tree_impl
    add_child(children, new_root)
  File "/data/leslie/sarthak/environments/hyena-dna/lib/python3.11/site-packages/hydra/_internal/defaults_list.py", line 520, in add_child
    subtree_ = _create_defaults_tree_impl(
               ^^^^^^^^^^^^^^^^^^^^^^^^^^^
  File "/data/leslie/sarthak/environments/hyena-dna/lib/python3.11/site-packages/hydra/_internal/defaults_list.py", line 573, in _create_defaults_tree_impl
    add_child(children, new_root)
  File "/data/leslie/sarthak/environments/hyena-dna/lib/python3.11/site-packages/hydra/_internal/defaults_list.py", line 520, in add_child
    subtree_ = _create_defaults_tree_impl(
               ^^^^^^^^^^^^^^^^^^^^^^^^^^^
  File "/data/leslie/sarthak/environments/hyena-dna/lib/python3.11/site-packages/hydra/_internal/defaults_list.py", line 565, in _create_defaults_tree_impl
    add_child(children, new_root)
  File "/data/leslie/sarthak/environments/hyena-dna/lib/python3.11/site-packages/hydra/_internal/defaults_list.py", line 520, in add_child
    subtree_ = _create_defaults_tree_impl(
               ^^^^^^^^^^^^^^^^^^^^^^^^^^^
  File "/data/leslie/sarthak/environments/hyena-dna/lib/python3.11/site-packages/hydra/_internal/defaults_list.py", line 466, in _create_defaults_tree_impl
    update_package_header(repo=repo, node=parent)
  File "/data/leslie/sarthak/environments/hyena-dna/lib/python3.11/site-packages/hydra/_internal/defaults_list.py", line 262, in update_package_header
    loaded = repo.load_config(config_path=node.get_config_path())
             ^^^^^^^^^^^^^^^^^^^^^^^^^^^^^^^^^^^^^^^^^^^^^^^^^^^^
  File "/data/leslie/sarthak/environments/hyena-dna/lib/python3.11/site-packages/hydra/_internal/config_repository.py", line 348, in load_config
    ret = self.delegate.load_config(config_path=config_path)
          ^^^^^^^^^^^^^^^^^^^^^^^^^^^^^^^^^^^^^^^^^^^^^^^^^^
  File "/data/leslie/sarthak/environments/hyena-dna/lib/python3.11/site-packages/hydra/_internal/config_repository.py", line 91, in load_config
    ret = source.load_config(config_path=config_path)
          ^^^^^^^^^^^^^^^^^^^^^^^^^^^^^^^^^^^^^^^^^^^
  File "/data/leslie/sarthak/environments/hyena-dna/lib/python3.11/site-packages/hydra/_internal/core_plugins/file_config_source.py", line 31, in load_config
    cfg = OmegaConf.load(f)
          ^^^^^^^^^^^^^^^^^
  File "/data/leslie/sarthak/environments/hyena-dna/lib/python3.11/site-packages/omegaconf/omegaconf.py", line 192, in load
    obj = yaml.load(file_, Loader=get_yaml_loader())
          ^^^^^^^^^^^^^^^^^^^^^^^^^^^^^^^^^^^^^^^^^^
  File "/data/leslie/sarthak/environments/hyena-dna/lib/python3.11/site-packages/yaml/__init__.py", line 81, in load
    return loader.get_single_data()
           ^^^^^^^^^^^^^^^^^^^^^^^^
  File "/data/leslie/sarthak/environments/hyena-dna/lib/python3.11/site-packages/yaml/constructor.py", line 49, in get_single_data
    node = self.get_single_node()
           ^^^^^^^^^^^^^^^^^^^^^^
  File "/data/leslie/sarthak/environments/hyena-dna/lib/python3.11/site-packages/yaml/composer.py", line 36, in get_single_node
    document = self.compose_document()
               ^^^^^^^^^^^^^^^^^^^^^^^
  File "/data/leslie/sarthak/environments/hyena-dna/lib/python3.11/site-packages/yaml/composer.py", line 55, in compose_document
    node = self.compose_node(None, None)
           ^^^^^^^^^^^^^^^^^^^^^^^^^^^^^
  File "/data/leslie/sarthak/environments/hyena-dna/lib/python3.11/site-packages/yaml/composer.py", line 84, in compose_node
    node = self.compose_mapping_node(anchor)
           ^^^^^^^^^^^^^^^^^^^^^^^^^^^^^^^^^
  File "/data/leslie/sarthak/environments/hyena-dna/lib/python3.11/site-packages/yaml/composer.py", line 133, in compose_mapping_node
    item_value = self.compose_node(node, item_key)
                 ^^^^^^^^^^^^^^^^^^^^^^^^^^^^^^^^^
  File "/data/leslie/sarthak/environments/hyena-dna/lib/python3.11/site-packages/yaml/composer.py", line 84, in compose_node
    node = self.compose_mapping_node(anchor)
           ^^^^^^^^^^^^^^^^^^^^^^^^^^^^^^^^^
  File "/data/leslie/sarthak/environments/hyena-dna/lib/python3.11/site-packages/yaml/composer.py", line 127, in compose_mapping_node
    while not self.check_event(MappingEndEvent):
              ^^^^^^^^^^^^^^^^^^^^^^^^^^^^^^^^^
  File "/data/leslie/sarthak/environments/hyena-dna/lib/python3.11/site-packages/yaml/parser.py", line 98, in check_event
    self.current_event = self.state()
                         ^^^^^^^^^^^^
  File "/data/leslie/sarthak/environments/hyena-dna/lib/python3.11/site-packages/yaml/parser.py", line 438, in parse_block_mapping_key
    raise ParserError("while parsing a block mapping", self.marks[-1],
yaml.parser.ParserError: while parsing a block mapping
  in "/lila/data/leslie/sarthak/hyena/hyena-dna/configs/callbacks/model_every_epoch.yaml", line 3, column 3
expected <block end>, but found ','
  in "/lila/data/leslie/sarthak/hyena/hyena-dna/configs/callbacks/model_every_epoch.yaml", line 10, column 26
