Seed set to 2222
Using 16bit Automatic Mixed Precision (AMP)
GPU available: True (cuda), used: True
TPU available: False, using: 0 TPU cores
IPU available: False, using: 0 IPUs
HPU available: False, using: 0 HPUs
`Trainer(limit_train_batches=1.0)` was configured so 100% of the batches per epoch will be used..
`Trainer(limit_val_batches=1.0)` was configured so 100% of the batches will be used..
wandb: Currently logged in as: sarthak-ti. Use `wandb login --relogin` to force relogin
wandb: wandb version 0.16.3 is available!  To upgrade, please run:
wandb:  $ pip install wandb --upgrade
wandb: Tracking run with wandb version 0.16.2
wandb: Run data is saved locally in ./wandb/run-20240217_095755-oh4tg9bf
wandb: Run `wandb offline` to turn off syncing.
wandb: Syncing run radiant-ox-19
wandb: ⭐️ View project at https://wandb.ai/sarthak-ti/dna
wandb: 🚀 View run at https://wandb.ai/sarthak-ti/dna/runs/oh4tg9bf
LOCAL_RANK: 0 - CUDA_VISIBLE_DEVICES: [0]

  | Name               | Type              | Params
---------------------------------------------------------
0 | model              | DNAEmbeddingModel | 438 K 
1 | encoder            | Identity          | 0     
2 | decoder            | SequenceDecoder   | 129   
3 | train_torchmetrics | MetricCollection  | 0     
4 | val_torchmetrics   | MetricCollection  | 0     
5 | test_torchmetrics  | MetricCollection  | 0     
---------------------------------------------------------
438 K     Trainable params
0         Non-trainable params
438 K     Total params
1.755     Total estimated model params size (MB)

Aborted!
Exception ignored in: <module 'threading' from '/data/leslie/sarthak/environments/hyena-dna/lib/python3.11/threading.py'>
Traceback (most recent call last):
  File "/data/leslie/sarthak/environments/hyena-dna/lib/python3.11/threading.py", line 1590, in _shutdown
    lock.acquire()
KeyboardInterrupt: 
Terminated
