Seed set to 2222
Using 16bit Automatic Mixed Precision (AMP)
GPU available: True (cuda), used: True
TPU available: False, using: 0 TPU cores
IPU available: False, using: 0 IPUs
HPU available: False, using: 0 HPUs
`Trainer(limit_train_batches=1.0)` was configured so 100% of the batches per epoch will be used..
`Trainer(limit_val_batches=1.0)` was configured so 100% of the batches will be used..
wandb: Currently logged in as: sarthak-ti. Use `wandb login --relogin` to force relogin
wandb: wandb version 0.16.3 is available!  To upgrade, please run:
wandb:  $ pip install wandb --upgrade
wandb: Tracking run with wandb version 0.16.2
wandb: Run data is saved locally in ./wandb/run-20240217_112036-xob5bs2u
wandb: Run `wandb offline` to turn off syncing.
wandb: Syncing run brilliant-rocket-20
wandb: ⭐️ View project at https://wandb.ai/sarthak-ti/dna
wandb: 🚀 View run at https://wandb.ai/sarthak-ti/dna/runs/xob5bs2u
LOCAL_RANK: 0 - CUDA_VISIBLE_DEVICES: [0]

  | Name               | Type              | Params
---------------------------------------------------------
0 | model              | DNAEmbeddingModel | 438 K 
1 | encoder            | Identity          | 0     
2 | decoder            | SequenceDecoder   | 129   
3 | train_torchmetrics | MetricCollection  | 0     
4 | val_torchmetrics   | MetricCollection  | 0     
5 | test_torchmetrics  | MetricCollection  | 0     
---------------------------------------------------------
438 K     Trainable params
0         Non-trainable params
438 K     Total params
1.755     Total estimated model params size (MB)
Epoch 0, global step 67299: 'val/mse' reached 3.72334 (best 3.72334), saving model to '/lila/data/leslie/sarthak/hyena/hyena-dna/outputs/2024-02-17/11-19-56-346669/checkpoints/00-val_loss=3.72334.ckpt' as top 1
Epoch 1, global step 134598: 'val/mse' reached 3.73466 (best 3.72334), saving model to '/lila/data/leslie/sarthak/hyena/hyena-dna/outputs/2024-02-17/11-19-56-346669/checkpoints/01-val_loss=3.73466.ckpt' as top 2
Epoch 2, global step 201897: 'val/mse' reached 3.68272 (best 3.68272), saving model to '/lila/data/leslie/sarthak/hyena/hyena-dna/outputs/2024-02-17/11-19-56-346669/checkpoints/02-val_loss=3.68272.ckpt' as top 3
Epoch 3, global step 269196: 'val/mse' reached 3.70587 (best 3.68272), saving model to '/lila/data/leslie/sarthak/hyena/hyena-dna/outputs/2024-02-17/11-19-56-346669/checkpoints/03-val_loss=3.70587.ckpt' as top 4
Epoch 4, global step 336495: 'val/mse' reached 3.67994 (best 3.67994), saving model to '/lila/data/leslie/sarthak/hyena/hyena-dna/outputs/2024-02-17/11-19-56-346669/checkpoints/04-val_loss=3.67994.ckpt' as top 5
Epoch 5, global step 403794: 'val/mse' reached 3.67697 (best 3.67697), saving model to '/lila/data/leslie/sarthak/hyena/hyena-dna/outputs/2024-02-17/11-19-56-346669/checkpoints/05-val_loss=3.67697.ckpt' as top 6
Epoch 6, global step 471093: 'val/mse' reached 3.69192 (best 3.67697), saving model to '/lila/data/leslie/sarthak/hyena/hyena-dna/outputs/2024-02-17/11-19-56-346669/checkpoints/06-val_loss=3.69192.ckpt' as top 7
Epoch 7, global step 538392: 'val/mse' reached 3.66996 (best 3.66996), saving model to '/lila/data/leslie/sarthak/hyena/hyena-dna/outputs/2024-02-17/11-19-56-346669/checkpoints/07-val_loss=3.66996.ckpt' as top 8

Aborted!
[rank: 0] Received SIGTERM: 15
Terminated
[rank: 0] Received SIGTERM: 15
